<?xml version="1.0" encoding="UTF-8"?>
<TestRun id="f298ebd2-d523-4c9a-a6a4-947ac3ca1135" name="sunr01@WH-SUNR01 2014-10-17 09:08:32" runUser="MYSOFT\sunr01" xmlns="http://microsoft.com/schemas/VisualStudio/TeamTest/2010">
  <TestSettings name="本地" id="2685f516-8621-4620-b95a-fdefcc4f8e9c">
    <Description>这些设置为本地测试运行的默认测试设置。</Description>
    <Deployment enabled="false" runDeploymentRoot="sunr01_WH-SUNR01 2014-10-17 09_08_32">
      <DeploymentItem filename="E:\GitCode\GitHub\appGrider\appGrider\DbHelper.dll" />
      <DeploymentItem filename="E:\GitCode\GitHub\appGrider\appGrider\bin\Debug\appGrider.exe" />
    </Deployment>
    <Execution>
      <TestTypeSpecific />
      <AgentRule name="Execution Agents">
      </AgentRule>
    </Execution>
  </TestSettings>
  <Times creation="2014-10-17T09:08:32.7775400+08:00" queuing="2014-10-17T09:08:35.3858008+08:00" start="2014-10-17T09:08:35.5738196+08:00" finish="2014-10-17T09:08:45.7618383+08:00" />
  <ResultSummary outcome="Error">
    <Counters total="1" error="0" failed="0" timeout="0" aborted="0" inconclusive="0" passedButRunAborted="0" notRunnable="0" notExecuted="1" disconnected="0" warning="0" passed="0" completed="0" inProgress="0" pending="0" />
    <RunInfos>
      <RunInfo computerName="WH-SUNR01" outcome="Warning" timestamp="2014-10-17T09:08:32.7845407+08:00">
        <Text>当前已禁用部署。未部署测试“测试内部函数.XmlCreatorTest.GetTitlePixelTest”中的部署项“appGrider.exe”。</Text>
      </RunInfo>
      <RunInfo computerName="WH-SUNR01" outcome="Error" timestamp="2014-10-17T09:08:45.7568378+08:00">
        <Text>测试宿主进程意外退出。</Text>
      </RunInfo>
    </RunInfos>
  </ResultSummary>
  <TestDefinitions>
    <UnitTest name="GetTitlePixelTest" storage="e:\gitcode\github\appgrider\测试内部函数\bin\debug\测试内部函数.dll" id="4f3332f2-0083-83ff-3148-c98cfafd5acd">
      <DeploymentItems>
        <DeploymentItem filename="appGrider.exe" />
      </DeploymentItems>
      <Execution id="dc4db78d-3d76-4a38-810d-8b3b7ec27d1b" />
      <TestMethod codeBase="E:/GitCode/GitHub/appGrider/测试内部函数/bin/Debug/测试内部函数.DLL" adapterTypeName="Microsoft.VisualStudio.TestTools.TestTypes.Unit.UnitTestAdapter, Microsoft.VisualStudio.QualityTools.Tips.UnitTest.Adapter, Version=10.0.0.0, Culture=neutral, PublicKeyToken=b03f5f7f11d50a3a" className="测试内部函数.XmlCreatorTest, 测试内部函数, Version=1.0.0.0, Culture=neutral, PublicKeyToken=null" name="GetTitlePixelTest" />
    </UnitTest>
  </TestDefinitions>
  <TestLists>
    <TestList name="列表中未列出的结果" id="8c84fa94-04c1-424b-9868-57a2d4851a1d" />
    <TestList name="所有已加载的结果" id="19431567-8539-422a-85d7-44ee4e166bda" />
  </TestLists>
  <TestEntries>
    <TestEntry testId="4f3332f2-0083-83ff-3148-c98cfafd5acd" executionId="dc4db78d-3d76-4a38-810d-8b3b7ec27d1b" testListId="8c84fa94-04c1-424b-9868-57a2d4851a1d" />
  </TestEntries>
  <Results>
    <UnitTestResult executionId="dc4db78d-3d76-4a38-810d-8b3b7ec27d1b" testId="4f3332f2-0083-83ff-3148-c98cfafd5acd" testName="GetTitlePixelTest" computerName="WH-SUNR01" testType="13cdc9d9-ddb5-4fa4-a97d-d965ccfc6d4b" outcome="NotExecuted" testListId="8c84fa94-04c1-424b-9868-57a2d4851a1d" relativeResultsDirectory="dc4db78d-3d76-4a38-810d-8b3b7ec27d1b">
    </UnitTestResult>
  </Results>
</TestRun>